2025-09-25T20:00:46.169+02:00  INFO 28956 --- [shop_cohort51] [main] ait.shop.ShopCohort51Application         : Starting ShopCohort51Application using Java 17.0.16 with PID 28956 (D:\projects\ait_backend\shop_cohort51\target\classes started by ogors in D:\projects\ait_backend\shop_cohort51)
2025-09-25T20:00:46.173+02:00  INFO 28956 --- [shop_cohort51] [main] ait.shop.ShopCohort51Application         : No active profile set, falling back to 1 default profile: "default"
2025-09-25T20:00:47.093+02:00  INFO 28956 --- [shop_cohort51] [main] .s.d.r.c.RepositoryConfigurationDelegate : Bootstrapping Spring Data JPA repositories in DEFAULT mode.
2025-09-25T20:00:47.161+02:00  INFO 28956 --- [shop_cohort51] [main] .s.d.r.c.RepositoryConfigurationDelegate : Finished Spring Data repository scanning in 58 ms. Found 4 JPA repository interfaces.
2025-09-25T20:00:47.729+02:00  INFO 28956 --- [shop_cohort51] [main] o.s.b.w.embedded.tomcat.TomcatWebServer  : Tomcat initialized with port 8080 (http)
2025-09-25T20:00:47.745+02:00  INFO 28956 --- [shop_cohort51] [main] o.apache.catalina.core.StandardService   : Starting service [Tomcat]
2025-09-25T20:00:47.746+02:00  INFO 28956 --- [shop_cohort51] [main] o.apache.catalina.core.StandardEngine    : Starting Servlet engine: [Apache Tomcat/10.1.44]
2025-09-25T20:00:47.851+02:00  INFO 28956 --- [shop_cohort51] [main] o.a.c.c.C.[Tomcat].[localhost].[/api]    : Initializing Spring embedded WebApplicationContext
2025-09-25T20:00:47.851+02:00  INFO 28956 --- [shop_cohort51] [main] w.s.c.ServletWebServerApplicationContext : Root WebApplicationContext: initialization completed in 1613 ms
2025-09-25T20:00:48.015+02:00  INFO 28956 --- [shop_cohort51] [main] com.zaxxer.hikari.HikariDataSource       : HikariPool-1 - Starting...
2025-09-25T20:00:48.194+02:00  INFO 28956 --- [shop_cohort51] [main] com.zaxxer.hikari.pool.HikariPool        : HikariPool-1 - Added connection org.postgresql.jdbc.PgConnection@8077c97
2025-09-25T20:00:48.196+02:00  INFO 28956 --- [shop_cohort51] [main] com.zaxxer.hikari.HikariDataSource       : HikariPool-1 - Start completed.
2025-09-25T20:00:48.348+02:00  INFO 28956 --- [shop_cohort51] [main] liquibase.database                       : Set default schema name to public
2025-09-25T20:00:48.895+02:00  INFO 28956 --- [shop_cohort51] [main] liquibase.changelog                      : Reading from public.databasechangelog
2025-09-25T20:00:49.066+02:00  INFO 28956 --- [shop_cohort51] [main] liquibase.ui                             : Database is up to date, no changesets to execute
2025-09-25T20:00:49.068+02:00  INFO 28956 --- [shop_cohort51] [main] liquibase.changelog                      : Reading from public.databasechangelog
2025-09-25T20:00:49.080+02:00  INFO 28956 --- [shop_cohort51] [main] liquibase.util                           : UPDATE SUMMARY
2025-09-25T20:00:49.080+02:00  INFO 28956 --- [shop_cohort51] [main] liquibase.util                           : Run:                          0
2025-09-25T20:00:49.081+02:00  INFO 28956 --- [shop_cohort51] [main] liquibase.util                           : Previously run:              13
2025-09-25T20:00:49.081+02:00  INFO 28956 --- [shop_cohort51] [main] liquibase.util                           : Filtered out:                 0
2025-09-25T20:00:49.081+02:00  INFO 28956 --- [shop_cohort51] [main] liquibase.util                           : -------------------------------
2025-09-25T20:00:49.081+02:00  INFO 28956 --- [shop_cohort51] [main] liquibase.util                           : Total change sets:           13
2025-09-25T20:00:49.082+02:00  INFO 28956 --- [shop_cohort51] [main] liquibase.util                           : Update summary generated
2025-09-25T20:00:49.083+02:00  INFO 28956 --- [shop_cohort51] [main] liquibase.command                        : Command execution complete
2025-09-25T20:00:49.911+02:00  INFO 28956 --- [shop_cohort51] [main] o.hibernate.jpa.internal.util.LogHelper  : HHH000204: Processing PersistenceUnitInfo [name: default]
2025-09-25T20:00:49.957+02:00  INFO 28956 --- [shop_cohort51] [main] org.hibernate.Version                    : HHH000412: Hibernate ORM core version 6.6.26.Final
2025-09-25T20:00:49.987+02:00  INFO 28956 --- [shop_cohort51] [main] o.h.c.internal.RegionFactoryInitiator    : HHH000026: Second-level cache disabled
2025-09-25T20:00:50.252+02:00  INFO 28956 --- [shop_cohort51] [main] o.s.o.j.p.SpringPersistenceUnitInfo      : No LoadTimeWeaver setup: ignoring JPA class transformer
2025-09-25T20:00:50.335+02:00  INFO 28956 --- [shop_cohort51] [main] org.hibernate.orm.connections.pooling    : HHH10001005: Database info:
	Database JDBC URL [Connecting through datasource 'HikariDataSource (HikariPool-1)']
	Database driver: undefined/unknown
	Database version: 17.6
	Autocommit mode: undefined/unknown
	Isolation level: undefined/unknown
	Minimum pool size: undefined/unknown
	Maximum pool size: undefined/unknown
2025-09-25T20:00:51.236+02:00  INFO 28956 --- [shop_cohort51] [main] o.h.e.t.j.p.i.JtaPlatformInitiator       : HHH000489: No JTA platform available (set 'hibernate.transaction.jta.platform' to enable JTA platform integration)
2025-09-25T20:00:51.239+02:00  INFO 28956 --- [shop_cohort51] [main] j.LocalContainerEntityManagerFactoryBean : Initialized JPA EntityManagerFactory for persistence unit 'default'
2025-09-25T20:00:51.684+02:00  WARN 28956 --- [shop_cohort51] [main] JpaBaseConfiguration$JpaWebConfiguration : spring.jpa.open-in-view is enabled by default. Therefore, database queries may be performed during view rendering. Explicitly configure spring.jpa.open-in-view to disable this warning
2025-09-25T20:00:51.933+02:00  INFO 28956 --- [shop_cohort51] [main] r$InitializeUserDetailsManagerConfigurer : Global AuthenticationManager configured with UserDetailsService bean with name userDetailsServiceImpl
2025-09-25T20:00:52.425+02:00  INFO 28956 --- [shop_cohort51] [main] o.s.b.w.embedded.tomcat.TomcatWebServer  : Tomcat started on port 8080 (http) with context path '/api'
2025-09-25T20:00:52.434+02:00  INFO 28956 --- [shop_cohort51] [main] ait.shop.ShopCohort51Application         : Started ShopCohort51Application in 6.816 seconds (process running for 7.583)
2025-09-25T20:01:31.779+02:00  INFO 28956 --- [shop_cohort51] [http-nio-8080-exec-2] o.a.c.c.C.[Tomcat].[localhost].[/api]    : Initializing Spring DispatcherServlet 'dispatcherServlet'
2025-09-25T20:01:31.779+02:00  INFO 28956 --- [shop_cohort51] [http-nio-8080-exec-2] o.s.web.servlet.DispatcherServlet        : Initializing Servlet 'dispatcherServlet'
2025-09-25T20:01:31.782+02:00  INFO 28956 --- [shop_cohort51] [http-nio-8080-exec-2] o.s.web.servlet.DispatcherServlet        : Completed initialization in 3 ms
2025-09-25T20:01:31.840+02:00  INFO 28956 --- [shop_cohort51] [http-nio-8080-exec-2] ait.shop.services.ProductService         : Info level message
2025-09-25T20:01:31.840+02:00  WARN 28956 --- [shop_cohort51] [http-nio-8080-exec-2] ait.shop.services.ProductService         : Warn level message
2025-09-25T20:01:31.840+02:00 ERROR 28956 --- [shop_cohort51] [http-nio-8080-exec-2] ait.shop.services.ProductService         : Error level message
2025-09-25T20:07:52.451+02:00  INFO 28956 --- [shop_cohort51] [SpringApplicationShutdownHook] o.s.b.w.e.tomcat.GracefulShutdown        : Commencing graceful shutdown. Waiting for active requests to complete
2025-09-25T20:07:52.760+02:00  INFO 28956 --- [shop_cohort51] [tomcat-shutdown] o.s.b.w.e.tomcat.GracefulShutdown        : Graceful shutdown complete
2025-09-25T20:07:52.764+02:00  INFO 28956 --- [shop_cohort51] [SpringApplicationShutdownHook] j.LocalContainerEntityManagerFactoryBean : Closing JPA EntityManagerFactory for persistence unit 'default'
2025-09-25T20:07:52.767+02:00  INFO 28956 --- [shop_cohort51] [SpringApplicationShutdownHook] com.zaxxer.hikari.HikariDataSource       : HikariPool-1 - Shutdown initiated...
2025-09-25T20:07:52.772+02:00  INFO 28956 --- [shop_cohort51] [SpringApplicationShutdownHook] com.zaxxer.hikari.HikariDataSource       : HikariPool-1 - Shutdown completed.
2025-09-25T21:07:09.903+02:00  INFO 26164 --- [shop_cohort51] [main] ait.shop.ShopCohort51Application         : Starting ShopCohort51Application using Java 17.0.16 with PID 26164 (D:\projects\ait_backend\shop_cohort51\target\classes started by ogors in D:\projects\ait_backend\shop_cohort51)
2025-09-25T21:07:09.907+02:00  INFO 26164 --- [shop_cohort51] [main] ait.shop.ShopCohort51Application         : No active profile set, falling back to 1 default profile: "default"
2025-09-25T21:07:10.767+02:00  INFO 26164 --- [shop_cohort51] [main] .s.d.r.c.RepositoryConfigurationDelegate : Bootstrapping Spring Data JPA repositories in DEFAULT mode.
2025-09-25T21:07:10.835+02:00  INFO 26164 --- [shop_cohort51] [main] .s.d.r.c.RepositoryConfigurationDelegate : Finished Spring Data repository scanning in 57 ms. Found 4 JPA repository interfaces.
2025-09-25T21:07:11.519+02:00  INFO 26164 --- [shop_cohort51] [main] o.s.b.w.embedded.tomcat.TomcatWebServer  : Tomcat initialized with port 8080 (http)
2025-09-25T21:07:11.532+02:00  INFO 26164 --- [shop_cohort51] [main] o.apache.catalina.core.StandardService   : Starting service [Tomcat]
2025-09-25T21:07:11.533+02:00  INFO 26164 --- [shop_cohort51] [main] o.apache.catalina.core.StandardEngine    : Starting Servlet engine: [Apache Tomcat/10.1.44]
2025-09-25T21:07:11.601+02:00  INFO 26164 --- [shop_cohort51] [main] o.a.c.c.C.[Tomcat].[localhost].[/api]    : Initializing Spring embedded WebApplicationContext
2025-09-25T21:07:11.602+02:00  INFO 26164 --- [shop_cohort51] [main] w.s.c.ServletWebServerApplicationContext : Root WebApplicationContext: initialization completed in 1647 ms
2025-09-25T21:07:11.796+02:00  INFO 26164 --- [shop_cohort51] [main] com.zaxxer.hikari.HikariDataSource       : HikariPool-1 - Starting...
2025-09-25T21:07:11.947+02:00  INFO 26164 --- [shop_cohort51] [main] com.zaxxer.hikari.pool.HikariPool        : HikariPool-1 - Added connection org.postgresql.jdbc.PgConnection@4300e240
2025-09-25T21:07:11.948+02:00  INFO 26164 --- [shop_cohort51] [main] com.zaxxer.hikari.HikariDataSource       : HikariPool-1 - Start completed.
2025-09-25T21:07:12.093+02:00  INFO 26164 --- [shop_cohort51] [main] liquibase.database                       : Set default schema name to public
2025-09-25T21:07:12.563+02:00  INFO 26164 --- [shop_cohort51] [main] liquibase.changelog                      : Reading from public.databasechangelog
2025-09-25T21:07:12.723+02:00  INFO 26164 --- [shop_cohort51] [main] liquibase.ui                             : Database is up to date, no changesets to execute
2025-09-25T21:07:12.726+02:00  INFO 26164 --- [shop_cohort51] [main] liquibase.changelog                      : Reading from public.databasechangelog
2025-09-25T21:07:12.738+02:00  INFO 26164 --- [shop_cohort51] [main] liquibase.util                           : UPDATE SUMMARY
2025-09-25T21:07:12.739+02:00  INFO 26164 --- [shop_cohort51] [main] liquibase.util                           : Run:                          0
2025-09-25T21:07:12.739+02:00  INFO 26164 --- [shop_cohort51] [main] liquibase.util                           : Previously run:              13
2025-09-25T21:07:12.739+02:00  INFO 26164 --- [shop_cohort51] [main] liquibase.util                           : Filtered out:                 0
2025-09-25T21:07:12.739+02:00  INFO 26164 --- [shop_cohort51] [main] liquibase.util                           : -------------------------------
2025-09-25T21:07:12.740+02:00  INFO 26164 --- [shop_cohort51] [main] liquibase.util                           : Total change sets:           13
2025-09-25T21:07:12.741+02:00  INFO 26164 --- [shop_cohort51] [main] liquibase.util                           : Update summary generated
2025-09-25T21:07:12.742+02:00  INFO 26164 --- [shop_cohort51] [main] liquibase.command                        : Command execution complete
2025-09-25T21:07:13.378+02:00  INFO 26164 --- [shop_cohort51] [main] o.hibernate.jpa.internal.util.LogHelper  : HHH000204: Processing PersistenceUnitInfo [name: default]
2025-09-25T21:07:13.432+02:00  INFO 26164 --- [shop_cohort51] [main] org.hibernate.Version                    : HHH000412: Hibernate ORM core version 6.6.26.Final
2025-09-25T21:07:13.466+02:00  INFO 26164 --- [shop_cohort51] [main] o.h.c.internal.RegionFactoryInitiator    : HHH000026: Second-level cache disabled
2025-09-25T21:07:13.722+02:00  INFO 26164 --- [shop_cohort51] [main] o.s.o.j.p.SpringPersistenceUnitInfo      : No LoadTimeWeaver setup: ignoring JPA class transformer
2025-09-25T21:07:13.806+02:00  INFO 26164 --- [shop_cohort51] [main] org.hibernate.orm.connections.pooling    : HHH10001005: Database info:
	Database JDBC URL [Connecting through datasource 'HikariDataSource (HikariPool-1)']
	Database driver: undefined/unknown
	Database version: 17.6
	Autocommit mode: undefined/unknown
	Isolation level: undefined/unknown
	Minimum pool size: undefined/unknown
	Maximum pool size: undefined/unknown
2025-09-25T21:07:14.741+02:00  INFO 26164 --- [shop_cohort51] [main] o.h.e.t.j.p.i.JtaPlatformInitiator       : HHH000489: No JTA platform available (set 'hibernate.transaction.jta.platform' to enable JTA platform integration)
2025-09-25T21:07:14.745+02:00  INFO 26164 --- [shop_cohort51] [main] j.LocalContainerEntityManagerFactoryBean : Initialized JPA EntityManagerFactory for persistence unit 'default'
2025-09-25T21:07:15.221+02:00  WARN 26164 --- [shop_cohort51] [main] JpaBaseConfiguration$JpaWebConfiguration : spring.jpa.open-in-view is enabled by default. Therefore, database queries may be performed during view rendering. Explicitly configure spring.jpa.open-in-view to disable this warning
2025-09-25T21:07:15.486+02:00  INFO 26164 --- [shop_cohort51] [main] r$InitializeUserDetailsManagerConfigurer : Global AuthenticationManager configured with UserDetailsService bean with name userDetailsServiceImpl
2025-09-25T21:07:16.001+02:00  INFO 26164 --- [shop_cohort51] [main] o.s.b.w.embedded.tomcat.TomcatWebServer  : Tomcat started on port 8080 (http) with context path '/api'
2025-09-25T21:07:16.010+02:00  INFO 26164 --- [shop_cohort51] [main] ait.shop.ShopCohort51Application         : Started ShopCohort51Application in 6.715 seconds (process running for 7.48)
2025-09-25T21:31:23.777+02:00  INFO 26164 --- [shop_cohort51] [SpringApplicationShutdownHook] o.s.b.w.e.tomcat.GracefulShutdown        : Commencing graceful shutdown. Waiting for active requests to complete
2025-09-25T21:31:24.091+02:00  INFO 26164 --- [shop_cohort51] [tomcat-shutdown] o.s.b.w.e.tomcat.GracefulShutdown        : Graceful shutdown complete
2025-09-25T21:31:24.096+02:00  INFO 26164 --- [shop_cohort51] [SpringApplicationShutdownHook] j.LocalContainerEntityManagerFactoryBean : Closing JPA EntityManagerFactory for persistence unit 'default'
2025-09-25T21:31:24.098+02:00  INFO 26164 --- [shop_cohort51] [SpringApplicationShutdownHook] com.zaxxer.hikari.HikariDataSource       : HikariPool-1 - Shutdown initiated...
2025-09-25T21:31:24.102+02:00  INFO 26164 --- [shop_cohort51] [SpringApplicationShutdownHook] com.zaxxer.hikari.HikariDataSource       : HikariPool-1 - Shutdown completed.
